<?xml version="1.0" encoding="UTF-8"?>
<testng-results ignored="0" total="1" passed="1" failed="0" skipped="0">
  <reporter-output>
  </reporter-output>
  <suite started-at="2022-07-12T00:39:10 BDT" name="Suite" finished-at="2022-07-12T00:40:25 BDT" duration-ms="75204">
    <groups>
    </groups>
    <test started-at="2022-07-12T00:39:10 BDT" name="Test" finished-at="2022-07-12T00:40:25 BDT" duration-ms="75204">
      <class name="testcases.TC0001_Register">
        <test-method is-config="true" signature="setdriver()[pri:0, instance:testcases.TC0001_Register@247310d0]" started-at="2022-07-12T00:39:08 BDT" name="setdriver" finished-at="2022-07-12T00:39:10 BDT" duration-ms="2146" status="PASS">
          <reporter-output>
          </reporter-output>
        </test-method> <!-- setdriver -->
        <test-method signature="testlocation()[pri:0, instance:testcases.TC0001_Register@247310d0]" started-at="2022-07-12T00:39:10 BDT" name="testlocation" finished-at="2022-07-12T00:40:25 BDT" duration-ms="75068" status="PASS">
          <reporter-output>
          </reporter-output>
        </test-method> <!-- testlocation -->
        <test-method is-config="true" signature="teardown()[pri:0, instance:testcases.TC0001_Register@247310d0]" started-at="2022-07-12T00:40:25 BDT" name="teardown" finished-at="2022-07-12T00:40:25 BDT" duration-ms="196" status="PASS">
          <reporter-output>
          </reporter-output>
        </test-method> <!-- teardown -->
      </class> <!-- testcases.TC0001_Register -->
    </test> <!-- Test -->
  </suite> <!-- Suite -->
</testng-results>
